0 verbose cli C:\Program Files\nodejs\node.exe C:\Users\olgac\AppData\Roaming\npm\node_modules\npm\bin\npm-cli.js
1 info using npm@9.1.3
2 info using node@v18.12.1
3 timing npm:load:whichnode Completed in 0ms
4 timing config:load:defaults Completed in 1ms
5 timing config:load:file:C:\Users\olgac\AppData\Roaming\npm\node_modules\npm\npmrc Completed in 2ms
6 timing config:load:builtin Completed in 2ms
7 timing config:load:cli Completed in 1ms
8 timing config:load:env Completed in 1ms
9 timing config:load:file:C:\project\05-movies\.npmrc Completed in 0ms
10 timing config:load:project Completed in 1ms
11 timing config:load:file:C:\Users\olgac\.npmrc Completed in 1ms
12 timing config:load:user Completed in 1ms
13 timing config:load:file:C:\Users\olgac\AppData\Roaming\npm\etc\npmrc Completed in 0ms
14 timing config:load:global Completed in 0ms
15 timing config:load:setEnvs Completed in 1ms
16 timing config:load Completed in 8ms
17 timing npm:load:configload Completed in 8ms
18 timing npm:load:mkdirpcache Completed in 1ms
19 timing npm:load:mkdirplogs Completed in 0ms
20 verbose title npm eslint
21 verbose argv "eslint" "--cache" "--fix"
22 timing npm:load:setTitle Completed in 1ms
23 timing config:load:flatten Completed in 1ms
24 timing npm:load:display Completed in 3ms
25 verbose logfile logs-max:10 dir:C:\project\05-movies\--fix\_logs\2023-04-04T07_13_29_100Z-
26 verbose logfile C:\project\05-movies\--fix\_logs\2023-04-04T07_13_29_100Z-debug-0.log
27 timing npm:load:logFile Completed in 15ms
28 timing npm:load:timers Completed in 0ms
29 timing npm:load:configScope Completed in 0ms
30 timing npm:load Completed in 29ms
31 silly logfile done cleaning log files
32 verbose exit 0
33 timing config:load:flatten Completed in 1ms
34 timing npm Completed in 39ms
35 verbose code 1
